<?xml version="1.0" encoding="UTF-8"?>
<testng-results skipped="0" failed="0" ignored="0" total="1" passed="1">
  <reporter-output>
  </reporter-output>
  <suite name="Default suite" duration-ms="30183" started-at="2019-08-22T04:54:27Z" finished-at="2019-08-22T04:54:57Z">
    <groups>
    </groups>
    <test name="Default test" duration-ms="30183" started-at="2019-08-22T04:54:27Z" finished-at="2019-08-22T04:54:57Z">
      <class name="com.abc.googlesearch.tests.GoogleSearchTest">
        <test-method status="PASS" signature="setupTestData()[pri:0, instance:com.abc.googlesearch.tests.GoogleSearchTest@271053e1]" name="setupTestData" is-config="true" duration-ms="498" started-at="2019-08-22T04:54:27Z" finished-at="2019-08-22T04:54:28Z">
          <reporter-output>
          </reporter-output>
        </test-method> <!-- setupTestData -->
        <test-method status="PASS" signature="setup()[pri:0, instance:com.abc.googlesearch.tests.GoogleSearchTest@271053e1]" name="setup" is-config="true" duration-ms="12513" started-at="2019-08-22T04:54:28Z" finished-at="2019-08-22T04:54:40Z">
          <reporter-output>
          </reporter-output>
        </test-method> <!-- setup -->
        <test-method status="PASS" signature="googleSearch()[pri:0, instance:com.abc.googlesearch.tests.GoogleSearchTest@271053e1]" name="googleSearch" duration-ms="16285" started-at="2019-08-22T04:54:40Z" finished-at="2019-08-22T04:54:56Z">
          <reporter-output>
          </reporter-output>
        </test-method> <!-- googleSearch -->
        <test-method status="PASS" signature="tearDown()[pri:0, instance:com.abc.googlesearch.tests.GoogleSearchTest@271053e1]" name="tearDown" is-config="true" duration-ms="869" started-at="2019-08-22T04:54:56Z" finished-at="2019-08-22T04:54:57Z">
          <reporter-output>
          </reporter-output>
        </test-method> <!-- tearDown -->
      </class> <!-- com.abc.googlesearch.tests.GoogleSearchTest -->
    </test> <!-- Default test -->
  </suite> <!-- Default suite -->
</testng-results>
